<?xml version="1.0" encoding="UTF-8"?>
<!-- Generated by org.testng.reporters.JUnitReportReporter -->
<testsuite hostname="LAPTOP-L3E45IIB" failures="0" tests="1" name="in.swiggy.testscripts.TestRunner" time="11.759" errors="0" timestamp="2022-08-15T02:40:52 IST" skipped="0">
  <testcase classname="in.swiggy.testscripts.TestRunner" name="runScenario" time="11.759"/>
  <system-out/>
</testsuite> <!-- in.swiggy.testscripts.TestRunner -->
